  HatzEngine.cpp
D:\Developer Stuffs\Engine\3D Engine\3D Engine\HatzEngine.cpp(161,11): warning C4244: 'initializing': conversion from 'float' to 'int', possible loss of data
D:\Developer Stuffs\Engine\3D Engine\3D Engine\HatzEngine.cpp(162,11): warning C4244: 'initializing': conversion from 'float' to 'int', possible loss of data
D:\Developer Stuffs\Engine\3D Engine\3D Engine\HatzEngine.cpp(241,11): warning C4244: 'initializing': conversion from 'float' to 'int', possible loss of data
D:\Developer Stuffs\Engine\3D Engine\3D Engine\HatzEngine.cpp(242,11): warning C4244: 'initializing': conversion from 'float' to 'int', possible loss of data
D:\Developer Stuffs\Engine\3D Engine\3D Engine\HatzEngine.cpp(330,59): warning C4244: 'argument': conversion from 'float' to 'uint8_t', possible loss of data
D:\Developer Stuffs\Engine\3D Engine\3D Engine\HatzEngine.cpp(330,49): warning C4244: 'argument': conversion from 'float' to 'uint8_t', possible loss of data
D:\Developer Stuffs\Engine\3D Engine\3D Engine\HatzEngine.cpp(330,39): warning C4244: 'argument': conversion from 'float' to 'uint8_t', possible loss of data
D:\Developer Stuffs\Engine\3D Engine\3D Engine\HatzEngine.cpp(619,40): warning C4267: '=': conversion from 'size_t' to 'int', possible loss of data
D:\Developer Stuffs\Engine\3D Engine\3D Engine\HatzEngine.cpp(627,25): warning C4244: 'argument': conversion from 'float' to 'int', possible loss of data
D:\Developer Stuffs\Engine\3D Engine\3D Engine\HatzEngine.cpp(627,15): warning C4244: 'argument': conversion from 'float' to 'int', possible loss of data
D:\Developer Stuffs\Engine\3D Engine\3D Engine\HatzEngine.cpp(626,25): warning C4244: 'argument': conversion from 'float' to 'int', possible loss of data
D:\Developer Stuffs\Engine\3D Engine\3D Engine\HatzEngine.cpp(626,15): warning C4244: 'argument': conversion from 'float' to 'int', possible loss of data
D:\Developer Stuffs\Engine\3D Engine\3D Engine\HatzEngine.cpp(625,37): warning C4244: 'argument': conversion from 'float' to 'int', possible loss of data
D:\Developer Stuffs\Engine\3D Engine\3D Engine\HatzEngine.cpp(625,27): warning C4244: 'argument': conversion from 'float' to 'int', possible loss of data
  Main.cpp
  Generating code
  2 of 2767 functions (<0.1%) were compiled, the rest were copied from previous compilation.
    0 functions were new in current compilation
    5 functions had inline decision re-evaluated but remain unchanged
  Finished generating code
  3D Engine.vcxproj -> D:\Developer Stuffs\Engine\3D Engine\x64\Release\3D Engine.exe
